
> food-truck-charlotte@0.1.0 build
> next build

▲ Next.js 16.2.1 (Turbopack)
- Environments: .env.local

⚠ The "middleware" file convention is deprecated. Please use "proxy" instead. Learn more: https://nextjs.org/docs/messages/middleware-to-proxy
  Creating an optimized production build ...
Found 1 warning while optimizing generated CSS:

[2m│   }[22m
[2m│ }[22m
[2m│[22m @import url('https://fonts.googleapis.com/css2?family=Bricolage+Grotesque:wght@400;600;700;800&family=Lora:ital,wght@0,400;0,600;1,400;1,600&display=swap');
[2m┆[22m        [33m[2m^--[22m @import rules must precede all rules aside from @charset and @layer statements[39m
[2m┆[22m
[2m│ :root {[22m
[2m│   --ftc-orange: #D94F1E;[22m


> Build error occurred
Error: Turbopack build failed with 2 errors:
./components/footer.tsx:2:1
Export Instagram doesn't exist in target module
  [90m1 |[0m ...[36mfrom[0m [32m"next/link"[0m
[31m[1m>[0m [90m2 |[0m ...[33mck[0m, [33mInstagram[0m, [33mTwitter[0m } [36mfrom[0m [32m"lu...[0m
  [90m  |[0m    [31m[1m^^^^^^^^^^^^^^^^^^^^^^^^^^^^^^^^^^^^[0m
  [90m3 |[0m ...
  [90m4 |[0m ...tion = {
  [90m5 |[0m ...[

The export Instagram was not found in module [project]/node_modules/lucide-react/dist/esm/lucide-react.js [app-rsc] (ecmascript).
Did you mean to import Star?
All exports of the module are statically known (It doesn't have dynamic exports). So it's known statically that the requested export doesn't exist.

Import trace:
  Server Component:
    ./components/footer.tsx
    ./app/trucks/page.tsx


./components/footer.tsx:2:1
Export Twitter doesn't exist in target module
  [90m1 |[0m ...[36mfrom[0m [32m"next/link"[0m
[31m[1m>[0m [90m2 |[0m ...[33mck[0m, [33mInstagram[0m, [33mTwitter[0m } [36mfrom[0m [32m"lu...[0m
  [90m  |[0m    [31m[1m^^^^^^^^^^^^^^^^^^^^^^^^^^^^^^^^^^^^[0m
  [90m3 |[0m ...
  [90m4 |[0m ...tion = {
  [90m5 |[0m ...[

The export Twitter was not found in module [project]/node_modules/lucide-react/dist/esm/lucide-react.js [app-rsc] (ecmascript).
Did you mean to import Timer?
All exports of the module are statically known (It doesn't have dynamic exports). So it's known statically that the requested export doesn't exist.

Import trace:
  Server Component:
    ./components/footer.tsx
    ./app/trucks/page.tsx


    at <unknown> (./components/footer.tsx:2:1)
    at <unknown> (./components/footer.tsx:2:1)
